#
# A fatal error has been detected by the Java Runtime Environment:
#
#  EXCEPTION_ACCESS_VIOLATION (0xc0000005) at pc=0x0000000000000000, pid=5264, tid=0x0000000000001734
#
# JRE version: Java(TM) SE Runtime Environment (8.0_291-b10) (build 1.8.0_291-b10)
# Java VM: Java HotSpot(TM) 64-Bit Server VM (25.291-b10 mixed mode windows-amd64 compressed oops)
# Problematic frame:
# C  0x0000000000000000
#
# Failed to write core dump. Minidumps are not enabled by default on client versions of Windows
#
# If you would like to submit a bug report, please visit:
#   http://bugreport.java.com/bugreport/crash.jsp
# The crash happened outside the Java Virtual Machine in native code.
# See problematic frame for where to report the bug.
#

---------------  T H R E A D  ---------------

Current thread (0x00000000581b0800):  JavaThread "AWT-EventQueue-0" [_thread_in_native, id=5940, stack(0x000000005a370000,0x000000005a470000)]

siginfo: ExceptionCode=0xc0000005, ExceptionInformation=0x0000000000000008 0x0000000000000000

Registers:
RAX=0x000000007fffffff, RBX=0x000000005a46bde8, RCX=0x00000000581b0a00, RDX=0x0000000057ebb350
RSP=0x000000005a46bb28, RBP=0x000000005a46bc30, RSI=0x0000000057ebb350, RDI=0x00000000581b0a00
R8 =0x000000005a46bc30, R9 =0x0000000000000001, R10=0x000000000000002a, R11=0x0000000074899a4c
R12=0x0000000000000000, R13=0x0000000000000000, R14=0x0000000058b1d370, R15=0x000007fee662f950
RIP=0x0000000000000000, EFLAGS=0x0000000000010293

Top of Stack: (sp=0x000000005a46bb28)
0x000000005a46bb28:   000007fee64f57ba 000000005a46bde8
0x000000005a46bb38:   000000005a46bc30 0000000057ebb350
0x000000005a46bb48:   000000007420603a 00000000581b0800
0x000000005a46bb58:   000000005a46bcf0 00000000581b0a00
0x000000005a46bb68:   00000000581b0800 000000005a46bce8
0x000000005a46bb78:   000000005a46bde0 00000000581b0800
0x000000005a46bb88:   0000000000000000 0000000000000000
0x000000005a46bb98:   0000001e0000001e 00000000581b0a00
0x000000005a46bba8:   000007fee64f6350 0000000058b1d370
0x000000005a46bbb8:   0000000000000000 000000000000001e
0x000000005a46bbc8:   00000000581b0a00 0000000000000000
0x000000005a46bbd8:   00000000026991fb 0000000054a7d368
0x000000005a46bbe8:   000000005a46bc90 0000000021000021
0x000000005a46bbf8:   00000000ed8b1aa0 0000000000000000
0x000000005a46bc08:   000000000000001e 000000000000001e
0x000000005a46bc18:   0000000000000004 0000000000000078 

Instructions: (pc=0x0000000000000000)
0xffffffffffffffe0:   


Register to memory mapping:

RAX=0x000000007fffffff is an unknown value
RBX=0x000000005a46bde8 is pointing into the stack for thread: 0x00000000581b0800
RCX=0x00000000581b0a00 is an unknown value
RDX=0x0000000057ebb350 is an unknown value
RSP=0x000000005a46bb28 is pointing into the stack for thread: 0x00000000581b0800
RBP=0x000000005a46bc30 is pointing into the stack for thread: 0x00000000581b0800
RSI=0x0000000057ebb350 is an unknown value
RDI=0x00000000581b0a00 is an unknown value
R8 =0x000000005a46bc30 is pointing into the stack for thread: 0x00000000581b0800
R9 =0x0000000000000001 is an unknown value
R10=0x000000000000002a is an unknown value
R11=0x0000000074899a4c is an unknown value
R12=0x0000000000000000 is an unknown value
R13=0x0000000000000000 is an unknown value
R14=0x0000000058b1d370 is an unknown value
R15=0x000007fee662f950 is an unknown value


Stack: [0x000000005a370000,0x000000005a470000],  sp=0x000000005a46bb28,  free space=1006k
Native frames: (J=compiled Java code, j=interpreted, Vv=VM code, C=native code)

Java frames: (J=compiled Java code, j=interpreted, Vv=VM code)
J 591  sun.java2d.loops.Blit.Blit(Lsun/java2d/SurfaceData;Lsun/java2d/SurfaceData;Ljava/awt/Composite;Lsun/java2d/pipe/Region;IIIIII)V (0 bytes) @ 0x00000000028c2c13 [0x00000000028c2b40+0xd3]
J 590 C1 sun.java2d.loops.GraphicsPrimitive.convertFrom(Lsun/java2d/loops/Blit;Lsun/java2d/SurfaceData;IIIILsun/java2d/SurfaceData;I)Lsun/java2d/SurfaceData; (84 bytes) @ 0x00000000028d8bc4 [0x00000000028d8800+0x3c4]
J 588 C1 sun.java2d.loops.MaskBlit$General.MaskBlit(Lsun/java2d/SurfaceData;Lsun/java2d/SurfaceData;Ljava/awt/Composite;Lsun/java2d/pipe/Region;IIIIII[BII)V (245 bytes) @ 0x00000000028c7a2c [0x00000000028c7620+0x40c]
j  sun.java2d.loops.Blit$GeneralMaskBlit.Blit(Lsun/java2d/SurfaceData;Lsun/java2d/SurfaceData;Ljava/awt/Composite;Lsun/java2d/pipe/Region;IIIIII)V+24
j  sun.java2d.pipe.DrawImage.blitSurfaceData(Lsun/java2d/SunGraphics2D;Lsun/java2d/pipe/Region;Lsun/java2d/SurfaceData;Lsun/java2d/SurfaceData;Lsun/java2d/loops/SurfaceType;Lsun/java2d/loops/SurfaceType;IIIIIILjava/awt/Color;)V+97
j  sun.java2d.pipe.DrawImage.renderImageCopy(Lsun/java2d/SunGraphics2D;Ljava/awt/Image;Ljava/awt/Color;IIIIII)Z+75
j  sun.java2d.pipe.DrawImage.copyImage(Lsun/java2d/SunGraphics2D;Ljava/awt/Image;IIIIIILjava/awt/Color;)Z+33
j  sun.java2d.pipe.DrawImage.copyImage(Lsun/java2d/SunGraphics2D;Ljava/awt/Image;IIIIIILjava/awt/Color;Ljava/awt/image/ImageObserver;)Z+23
J 576 C1 sun.java2d.SunGraphics2D.copyImage(Ljava/awt/Image;IIIIIILjava/awt/Color;Ljava/awt/image/ImageObserver;)Z (107 bytes) @ 0x00000000028d0734 [0x00000000028d05a0+0x194]
j  sun.java2d.SunGraphics2D.drawImage(Ljava/awt/Image;IIIILjava/awt/Color;Ljava/awt/image/ImageObserver;)Z+94
j  sun.java2d.SunGraphics2D.drawImage(Ljava/awt/Image;IIIILjava/awt/image/ImageObserver;)Z+11
j  br.com.ihm.coding_in_game.view.Inventory.drawLife(Ljava/awt/Graphics;)V+68
j  br.com.ihm.coding_in_game.view.Inventory.paint(Ljava/awt/Graphics;)V+7
j  javax.swing.JComponent.paintChildren(Ljava/awt/Graphics;)V+501
j  javax.swing.JComponent.paint(Ljava/awt/Graphics;)V+318
j  javax.swing.JComponent.paintToOffscreen(Ljava/awt/Graphics;IIIIII)V+41
j  javax.swing.RepaintManager$PaintManager.paintDoubleBuffered(Ljavax/swing/JComponent;Ljava/awt/Image;Ljava/awt/Graphics;IIII)V+163
j  javax.swing.RepaintManager$PaintManager.paint(Ljavax/swing/JComponent;Ljavax/swing/JComponent;Ljava/awt/Graphics;IIII)Z+116
j  javax.swing.RepaintManager.paint(Ljavax/swing/JComponent;Ljavax/swing/JComponent;Ljava/awt/Graphics;IIII)V+51
j  javax.swing.JComponent._paintImmediately(IIII)V+683
j  javax.swing.JComponent.paintImmediately(IIII)V+138
j  javax.swing.RepaintManager$4.run()Ljava/lang/Void;+81
j  javax.swing.RepaintManager$4.run()Ljava/lang/Object;+1
v  ~StubRoutines::call_stub
J 795  java.security.AccessController.doPrivileged(Ljava/security/PrivilegedAction;Ljava/security/AccessControlContext;)Ljava/lang/Object; (0 bytes) @ 0x00000000029693a6 [0x0000000002969340+0x66]
J 1642 C1 java.security.ProtectionDomain$JavaSecurityAccessImpl.doIntersectionPrivilege(Ljava/security/PrivilegedAction;Ljava/security/AccessControlContext;Ljava/security/AccessControlContext;)Ljava/lang/Object; (22 bytes) @ 0x0000000002bd8d54 [0x0000000002bd8900+0x454]
j  javax.swing.RepaintManager.paintDirtyRegions(Ljava/util/Map;)V+154
j  javax.swing.RepaintManager.paintDirtyRegions()V+46
j  javax.swing.RepaintManager.prePaintDirtyRegions()V+73
j  javax.swing.RepaintManager.access$1200(Ljavax/swing/RepaintManager;)V+1
j  javax.swing.RepaintManager$ProcessingRunnable.run()V+37
J 1806 C1 java.awt.event.InvocationEvent.dispatch()V (69 bytes) @ 0x0000000002c6b244 [0x0000000002c6b040+0x204]
J 1752 C1 java.awt.EventQueue.dispatchEventImpl(Ljava/awt/AWTEvent;Ljava/lang/Object;)V (149 bytes) @ 0x0000000002c25b0c [0x0000000002c240c0+0x1a4c]
J 1657 C1 java.awt.EventQueue$3.run()Ljava/lang/Void; (60 bytes) @ 0x0000000002be5104 [0x0000000002be4f00+0x204]
J 1656 C1 java.awt.EventQueue$3.run()Ljava/lang/Object; (5 bytes) @ 0x0000000002bdc7cc [0x0000000002bdc740+0x8c]
v  ~StubRoutines::call_stub
J 795  java.security.AccessController.doPrivileged(Ljava/security/PrivilegedAction;Ljava/security/AccessControlContext;)Ljava/lang/Object; (0 bytes) @ 0x00000000029693a6 [0x0000000002969340+0x66]
J 1654 C1 java.awt.EventQueue.dispatchEvent(Ljava/awt/AWTEvent;)V (80 bytes) @ 0x0000000002be39dc [0x0000000002be3080+0x95c]
J 1658 C1 java.awt.EventDispatchThread.pumpOneEventForFilters(I)V (190 bytes) @ 0x0000000002be6a0c [0x0000000002be5900+0x110c]
j  java.awt.EventDispatchThread.pumpEventsForFilter(ILjava/awt/Conditional;Ljava/awt/EventFilter;)V+35
j  java.awt.EventDispatchThread.pumpEventsForHierarchy(ILjava/awt/Conditional;Ljava/awt/Component;)V+11
j  java.awt.EventDispatchThread.pumpEvents(ILjava/awt/Conditional;)V+4
j  java.awt.EventDispatchThread.pumpEvents(Ljava/awt/Conditional;)V+3
j  java.awt.EventDispatchThread.run()V+9
v  ~StubRoutines::call_stub

---------------  P R O C E S S  ---------------

Java Threads: ( => current thread )
  0x00000000592c3800 JavaThread "Thread-9" [_thread_blocked, id=4556, stack(0x000000005b1c0000,0x000000005b2c0000)]
  0x00000000592c3000 JavaThread "TimerQueue" daemon [_thread_blocked, id=5184, stack(0x000000005da20000,0x000000005db20000)]
  0x00000000592c2000 JavaThread "DestroyJavaVM" [_thread_blocked, id=6204, stack(0x00000000022b0000,0x00000000023b0000)]
  0x00000000592c1800 JavaThread "Thread-8" [_thread_blocked, id=3836, stack(0x000000005d530000,0x000000005d630000)]
  0x00000000592c0800 JavaThread "Thread-7" [_thread_blocked, id=976, stack(0x000000005a9c0000,0x000000005aac0000)]
  0x00000000592c0000 JavaThread "Thread-6" [_thread_blocked, id=3380, stack(0x000000005ae40000,0x000000005af40000)]
  0x00000000592bf000 JavaThread "Thread-5" [_thread_blocked, id=7076, stack(0x000000005ac90000,0x000000005ad90000)]
  0x000000005803d000 JavaThread "Thread-4" [_thread_blocked, id=2236, stack(0x000000005aac0000,0x000000005abc0000)]
  0x000000005886f800 JavaThread "Thread-3" [_thread_blocked, id=4148, stack(0x000000005a810000,0x000000005a910000)]
=>0x00000000581b0800 JavaThread "AWT-EventQueue-0" [_thread_in_native, id=5940, stack(0x000000005a370000,0x000000005a470000)]
  0x0000000058b2b800 JavaThread "AWT-Shutdown" [_thread_blocked, id=5684, stack(0x000000005a240000,0x000000005a340000)]
  0x0000000057b24800 JavaThread "Image Fetcher 3" daemon [_thread_blocked, id=2392, stack(0x00000000599f0000,0x0000000059af0000)]
  0x0000000057f3d800 JavaThread "Image Fetcher 2" daemon [_thread_blocked, id=3876, stack(0x0000000057460000,0x0000000057560000)]
  0x0000000058b59000 JavaThread "Image Fetcher 1" daemon [_thread_blocked, id=6132, stack(0x0000000059850000,0x0000000059950000)]
  0x00000000588e6800 JavaThread "Image Fetcher 0" daemon [_thread_blocked, id=4216, stack(0x0000000058520000,0x0000000058620000)]
  0x0000000056ec2000 JavaThread "AWT-Windows" daemon [_thread_in_native, id=6092, stack(0x0000000056ff0000,0x00000000570f0000)]
  0x0000000056eb0000 JavaThread "Java2D Disposer" daemon [_thread_blocked, id=3412, stack(0x00000000570f0000,0x00000000571f0000)]
  0x0000000054e62800 JavaThread "Service Thread" daemon [_thread_blocked, id=5748, stack(0x0000000056820000,0x0000000056920000)]
  0x0000000054ded000 JavaThread "C1 CompilerThread2" daemon [_thread_blocked, id=6632, stack(0x0000000056580000,0x0000000056680000)]
  0x0000000054deb800 JavaThread "C2 CompilerThread1" daemon [_thread_blocked, id=5596, stack(0x00000000566a0000,0x00000000567a0000)]
  0x0000000054de6000 JavaThread "C2 CompilerThread0" daemon [_thread_blocked, id=6304, stack(0x0000000056340000,0x0000000056440000)]
  0x0000000054de3000 JavaThread "Attach Listener" daemon [_thread_blocked, id=4380, stack(0x00000000560b0000,0x00000000561b0000)]
  0x0000000054de1800 JavaThread "Signal Dispatcher" daemon [_thread_blocked, id=2240, stack(0x0000000056460000,0x0000000056560000)]
  0x000000000032d800 JavaThread "Finalizer" daemon [_thread_blocked, id=6896, stack(0x0000000056220000,0x0000000056320000)]
  0x0000000000326000 JavaThread "Reference Handler" daemon [_thread_blocked, id=4872, stack(0x0000000055fb0000,0x00000000560b0000)]

Other Threads:
  0x0000000054d80000 VMThread [stack: 0x0000000055d90000,0x0000000055e90000] [id=4964]
  0x0000000054e89000 WatcherThread [stack: 0x0000000056a90000,0x0000000056b90000] [id=2604]

VM state:not at safepoint (normal execution)

VM Mutex/Monitor currently owned by a thread: None

heap address: 0x00000000c1c00000, size: 996 MB, Compressed Oops mode: 32-bit
Narrow klass base: 0x0000000000000000, Narrow klass shift: 0
Compressed class space size: 1073741824 Address: 0x00000000142d0000

Heap:
 PSYoungGen      total 57344K, used 40448K [0x00000000eb400000, 0x00000000ef900000, 0x0000000100000000)
  eden space 54784K, 69% used [0x00000000eb400000,0x00000000ed905340,0x00000000ee980000)
  from space 2560K, 99% used [0x00000000ef680000,0x00000000ef8fafc0,0x00000000ef900000)
  to   space 2560K, 0% used [0x00000000ef400000,0x00000000ef400000,0x00000000ef680000)
 ParOldGen       total 87040K, used 54851K [0x00000000c1c00000, 0x00000000c7100000, 0x00000000eb400000)
  object space 87040K, 63% used [0x00000000c1c00000,0x00000000c5190d98,0x00000000c7100000)
 Metaspace       used 18908K, capacity 19156K, committed 19456K, reserved 1067008K
  class space    used 2397K, capacity 2475K, committed 2560K, reserved 1048576K

Card table byte_map: [0x0000000011a40000,0x0000000011c40000] byte_map_base: 0x0000000011432000

Marking Bits: (ParMarkBitMap*) 0x00000000748a7fe0
 Begin Bits: [0x00000000121b0000, 0x0000000013140000)
 End Bits:   [0x0000000013140000, 0x00000000140d0000)

Polling page: 0x0000000000220000

CodeCache: size=245760Kb used=6703Kb max_used=6710Kb free=239056Kb
 bounds [0x0000000002680000, 0x0000000002d20000, 0x0000000011680000]
 total_blobs=2554 nmethods=1996 adapters=470
 compilation: enabled

Compilation events (10 events):
Event: 4.198 Thread 0x0000000054ded000 1996       3       java.awt.font.FontRenderContext::equals (127 bytes)
Event: 4.199 Thread 0x0000000054ded000 nmethod 1996 0x0000000002d0ca90 code [0x0000000002d0cd40, 0x0000000002d0e038]
Event: 4.200 Thread 0x0000000054ded000 1997       3       java.nio.DirectByteBuffer::address (5 bytes)
Event: 4.200 Thread 0x0000000054ded000 nmethod 1997 0x0000000002d08f50 code [0x0000000002d090a0, 0x0000000002d091f0]
Event: 4.200 Thread 0x0000000054deb800 1998       4       java.lang.String::equals (81 bytes)
Event: 4.203 Thread 0x0000000054deb800 nmethod 1998 0x0000000002d11390 code [0x0000000002d114e0, 0x0000000002d116f8]
Event: 4.203 Thread 0x0000000054ded000 1999   !   3       sun.font.FileFontStrike::getCachedGlyphPtr (27 bytes)
Event: 4.204 Thread 0x0000000054ded000 nmethod 1999 0x0000000002d10810 code [0x0000000002d109e0, 0x0000000002d11098]
Event: 4.204 Thread 0x0000000054ded000 2000       3       sun.font.FileFontStrike::getCachedGlyphPtrInternal (120 bytes)
Event: 4.204 Thread 0x0000000054ded000 nmethod 2000 0x0000000002d0ff50 code [0x0000000002d100e0, 0x0000000002d10490]

GC Heap History (10 events):
Event: 0.521 GC heap before
{Heap before GC invocations=1 (full 0):
 PSYoungGen      total 18944K, used 16384K [0x00000000eb400000, 0x00000000ec900000, 0x0000000100000000)
  eden space 16384K, 100% used [0x00000000eb400000,0x00000000ec400000,0x00000000ec400000)
  from space 2560K, 0% used [0x00000000ec680000,0x00000000ec680000,0x00000000ec900000)
  to   space 2560K, 0% used [0x00000000ec400000,0x00000000ec400000,0x00000000ec680000)
 ParOldGen       total 44032K, used 0K [0x00000000c1c00000, 0x00000000c4700000, 0x00000000eb400000)
  object space 44032K, 0% used [0x00000000c1c00000,0x00000000c1c00000,0x00000000c4700000)
 Metaspace       used 10469K, capacity 10662K, committed 11008K, reserved 1058816K
  class space    used 1361K, capacity 1443K, committed 1536K, reserved 1048576K
Event: 0.530 GC heap after
Heap after GC invocations=1 (full 0):
 PSYoungGen      total 18944K, used 2528K [0x00000000eb400000, 0x00000000ed900000, 0x0000000100000000)
  eden space 16384K, 0% used [0x00000000eb400000,0x00000000eb400000,0x00000000ec400000)
  from space 2560K, 98% used [0x00000000ec400000,0x00000000ec678030,0x00000000ec680000)
  to   space 2560K, 0% used [0x00000000ed680000,0x00000000ed680000,0x00000000ed900000)
 ParOldGen       total 44032K, used 12911K [0x00000000c1c00000, 0x00000000c4700000, 0x00000000eb400000)
  object space 44032K, 29% used [0x00000000c1c00000,0x00000000c289bed0,0x00000000c4700000)
 Metaspace       used 10469K, capacity 10662K, committed 11008K, reserved 1058816K
  class space    used 1361K, capacity 1443K, committed 1536K, reserved 1048576K
}
Event: 0.636 GC heap before
{Heap before GC invocations=2 (full 0):
 PSYoungGen      total 18944K, used 18912K [0x00000000eb400000, 0x00000000ed900000, 0x0000000100000000)
  eden space 16384K, 100% used [0x00000000eb400000,0x00000000ec400000,0x00000000ec400000)
  from space 2560K, 98% used [0x00000000ec400000,0x00000000ec678030,0x00000000ec680000)
  to   space 2560K, 0% used [0x00000000ed680000,0x00000000ed680000,0x00000000ed900000)
 ParOldGen       total 44032K, used 12911K [0x00000000c1c00000, 0x00000000c4700000, 0x00000000eb400000)
  object space 44032K, 29% used [0x00000000c1c00000,0x00000000c289bed0,0x00000000c4700000)
 Metaspace       used 10533K, capacity 10726K, committed 11008K, reserved 1058816K
  class space    used 1363K, capacity 1443K, committed 1536K, reserved 1048576K
Event: 0.645 GC heap after
Heap after GC invocations=2 (full 0):
 PSYoungGen      total 35328K, used 2544K [0x00000000eb400000, 0x00000000ed900000, 0x0000000100000000)
  eden space 32768K, 0% used [0x00000000eb400000,0x00000000eb400000,0x00000000ed400000)
  from space 2560K, 99% used [0x00000000ed680000,0x00000000ed8fc020,0x00000000ed900000)
  to   space 2560K, 0% used [0x00000000ed400000,0x00000000ed400000,0x00000000ed680000)
 ParOldGen       total 44032K, used 27092K [0x00000000c1c00000, 0x00000000c4700000, 0x00000000eb400000)
  object space 44032K, 61% used [0x00000000c1c00000,0x00000000c36751d0,0x00000000c4700000)
 Metaspace       used 10533K, capacity 10726K, committed 11008K, reserved 1058816K
  class space    used 1363K, capacity 1443K, committed 1536K, reserved 1048576K
}
Event: 0.832 GC heap before
{Heap before GC invocations=3 (full 0):
 PSYoungGen      total 35328K, used 35312K [0x00000000eb400000, 0x00000000ed900000, 0x0000000100000000)
  eden space 32768K, 100% used [0x00000000eb400000,0x00000000ed400000,0x00000000ed400000)
  from space 2560K, 99% used [0x00000000ed680000,0x00000000ed8fc020,0x00000000ed900000)
  to   space 2560K, 0% used [0x00000000ed400000,0x00000000ed400000,0x00000000ed680000)
 ParOldGen       total 44032K, used 27092K [0x00000000c1c00000, 0x00000000c4700000, 0x00000000eb400000)
  object space 44032K, 61% used [0x00000000c1c00000,0x00000000c36751d0,0x00000000c4700000)
 Metaspace       used 10556K, capacity 10726K, committed 11008K, reserved 1058816K
  class space    used 1363K, capacity 1443K, committed 1536K, reserved 1048576K
Event: 0.845 GC heap after
Heap after GC invocations=3 (full 0):
 PSYoungGen      total 35328K, used 2543K [0x00000000eb400000, 0x00000000ef900000, 0x0000000100000000)
  eden space 32768K, 0% used [0x00000000eb400000,0x00000000eb400000,0x00000000ed400000)
  from space 2560K, 99% used [0x00000000ed400000,0x00000000ed67be30,0x00000000ed680000)
  to   space 2560K, 0% used [0x00000000ef680000,0x00000000ef680000,0x00000000ef900000)
 ParOldGen       total 54784K, used 54136K [0x00000000c1c00000, 0x00000000c5180000, 0x00000000eb400000)
  object space 54784K, 98% used [0x00000000c1c00000,0x00000000c50de310,0x00000000c5180000)
 Metaspace       used 10556K, capacity 10726K, committed 11008K, reserved 1058816K
  class space    used 1363K, capacity 1443K, committed 1536K, reserved 1048576K
}
Event: 0.845 GC heap before
{Heap before GC invocations=4 (full 1):
 PSYoungGen      total 35328K, used 2543K [0x00000000eb400000, 0x00000000ef900000, 0x0000000100000000)
  eden space 32768K, 0% used [0x00000000eb400000,0x00000000eb400000,0x00000000ed400000)
  from space 2560K, 99% used [0x00000000ed400000,0x00000000ed67be30,0x00000000ed680000)
  to   space 2560K, 0% used [0x00000000ef680000,0x00000000ef680000,0x00000000ef900000)
 ParOldGen       total 54784K, used 54136K [0x00000000c1c00000, 0x00000000c5180000, 0x00000000eb400000)
  object space 54784K, 98% used [0x00000000c1c00000,0x00000000c50de310,0x00000000c5180000)
 Metaspace       used 10556K, capacity 10726K, committed 11008K, reserved 1058816K
  class space    used 1363K, capacity 1443K, committed 1536K, reserved 1048576K
Event: 0.864 GC heap after
Heap after GC invocations=4 (full 1):
 PSYoungGen      total 35328K, used 0K [0x00000000eb400000, 0x00000000ef900000, 0x0000000100000000)
  eden space 32768K, 0% used [0x00000000eb400000,0x00000000eb400000,0x00000000ed400000)
  from space 2560K, 0% used [0x00000000ed400000,0x00000000ed400000,0x00000000ed680000)
  to   space 2560K, 0% used [0x00000000ef680000,0x00000000ef680000,0x00000000ef900000)
 ParOldGen       total 87040K, used 37700K [0x00000000c1c00000, 0x00000000c7100000, 0x00000000eb400000)
  object space 87040K, 43% used [0x00000000c1c00000,0x00000000c40d13d8,0x00000000c7100000)
 Metaspace       used 10556K, capacity 10726K, committed 11008K, reserved 1058816K
  class space    used 1363K, capacity 1443K, committed 1536K, reserved 1048576K
}
Event: 1.345 GC heap before
{Heap before GC invocations=5 (full 1):
 PSYoungGen      total 35328K, used 32768K [0x00000000eb400000, 0x00000000ef900000, 0x0000000100000000)
  eden space 32768K, 100% used [0x00000000eb400000,0x00000000ed400000,0x00000000ed400000)
  from space 2560K, 0% used [0x00000000ed400000,0x00000000ed400000,0x00000000ed680000)
  to   space 2560K, 0% used [0x00000000ef680000,0x00000000ef680000,0x00000000ef900000)
 ParOldGen       total 87040K, used 37700K [0x00000000c1c00000, 0x00000000c7100000, 0x00000000eb400000)
  object space 87040K, 43% used [0x00000000c1c00000,0x00000000c40d13d8,0x00000000c7100000)
 Metaspace       used 13910K, capacity 14126K, committed 14464K, reserved 1062912K
  class space    used 1754K, capacity 1850K, committed 1920K, reserved 1048576K
Event: 1.353 GC heap after
Heap after GC invocations=5 (full 1):
 PSYoungGen      total 57344K, used 2539K [0x00000000eb400000, 0x00000000ef900000, 0x0000000100000000)
  eden space 54784K, 0% used [0x00000000eb400000,0x00000000eb400000,0x00000000ee980000)
  from space 2560K, 99% used [0x00000000ef680000,0x00000000ef8fafc0,0x00000000ef900000)
  to   space 2560K, 0% used [0x00000000ef400000,0x00000000ef400000,0x00000000ef680000)
 ParOldGen       total 87040K, used 54851K [0x00000000c1c00000, 0x00000000c7100000, 0x00000000eb400000)
  object space 87040K, 63% used [0x00000000c1c00000,0x00000000c5190d98,0x00000000c7100000)
 Metaspace       used 13910K, capacity 14126K, committed 14464K, reserved 1062912K
  class space    used 1754K, capacity 1850K, committed 1920K, reserved 1048576K
}

Deoptimization events (10 events):
Event: 1.808 Thread 0x00000000581b0800 Uncommon trap: reason=unstable_if action=reinterpret pc=0x00000000028ee8b4 method=sun.java2d.loops.RenderCache$Entry.matches(Lsun/java2d/loops/SurfaceType;Lsun/java2d/loops/CompositeType;Lsun/java2d/loops/SurfaceType;)Z @ 5
Event: 1.847 Thread 0x0000000000296800 Uncommon trap: reason=unstable_if action=reinterpret pc=0x00000000029ea4b4 method=java.util.HashMap.putVal(ILjava/lang/Object;Ljava/lang/Object;ZZ)Ljava/lang/Object; @ 109
Event: 2.491 Thread 0x00000000581b0800 Uncommon trap: reason=class_check action=maybe_recompile pc=0x00000000027f6510 method=java.lang.String.equals(Ljava/lang/Object;)Z @ 8
Event: 2.611 Thread 0x00000000581b0800 Uncommon trap: reason=unstable_if action=reinterpret pc=0x0000000002bdee94 method=java.awt.Component.inside(II)Z @ 21
Event: 2.630 Thread 0x00000000581b0800 Uncommon trap: reason=unstable_if action=reinterpret pc=0x0000000002c0d6a8 method=java.awt.MultipleGradientPaintContext.indexIntoGradientsArrays(F)I @ 93
Event: 4.191 Thread 0x00000000581b0800 Uncommon trap: reason=unstable_if action=reinterpret pc=0x0000000002c0f514 method=sun.java2d.loops.MaskBlit$General.MaskBlit(Lsun/java2d/SurfaceData;Lsun/java2d/SurfaceData;Ljava/awt/Composite;Lsun/java2d/pipe/Region;IIIIII[BII)V @ 28
Event: 4.195 Thread 0x00000000581b0800 Uncommon trap: reason=class_check action=maybe_recompile pc=0x00000000027f6510 method=java.lang.String.equals(Ljava/lang/Object;)Z @ 8
Event: 4.198 Thread 0x00000000581b0800 Uncommon trap: reason=class_check action=maybe_recompile pc=0x00000000027f6510 method=java.lang.String.equals(Ljava/lang/Object;)Z @ 8
Event: 4.199 Thread 0x00000000581b0800 Uncommon trap: reason=class_check action=maybe_recompile pc=0x00000000027f6510 method=java.lang.String.equals(Ljava/lang/Object;)Z @ 8
Event: 4.205 Thread 0x00000000581b0800 Uncommon trap: reason=unstable_if action=reinterpret pc=0x00000000029d83c8 method=sun.java2d.loops.RenderCache$Entry.matches(Lsun/java2d/loops/SurfaceType;Lsun/java2d/loops/CompositeType;Lsun/java2d/loops/SurfaceType;)Z @ 5

Classes redefined (0 events):
No events

Internal exceptions (10 events):
Event: 0.269 Thread 0x0000000000296800 Exception <a 'java/lang/ClassNotFoundException': ToggleButton> (0x00000000eb762220) thrown at [C:\jenkins\workspace\8-2-build-windows-amd64-cygwin\jdk8u291\1294\hotspot\src\share\vm\classfile\systemDictionary.cpp, line 212]
Event: 0.269 Thread 0x0000000000296800 Exception <a 'java/lang/ClassNotFoundException': javax/swing/JToolBarSeparator> (0x00000000eb762680) thrown at [C:\jenkins\workspace\8-2-build-windows-amd64-cygwin\jdk8u291\1294\hotspot\src\share\vm\classfile\systemDictionary.cpp, line 212]
Event: 0.269 Thread 0x0000000000296800 Exception <a 'java/lang/ClassNotFoundException': ToolBarSeparator> (0x00000000eb762b18) thrown at [C:\jenkins\workspace\8-2-build-windows-amd64-cygwin\jdk8u291\1294\hotspot\src\share\vm\classfile\systemDictionary.cpp, line 212]
Event: 0.269 Thread 0x0000000000296800 Exception <a 'java/lang/ClassNotFoundException': ToolTip> (0x00000000eb763258) thrown at [C:\jenkins\workspace\8-2-build-windows-amd64-cygwin\jdk8u291\1294\hotspot\src\share\vm\classfile\systemDictionary.cpp, line 212]
Event: 0.270 Thread 0x0000000000296800 Exception <a 'java/lang/ClassNotFoundException': Tree> (0x00000000eb763e78) thrown at [C:\jenkins\workspace\8-2-build-windows-amd64-cygwin\jdk8u291\1294\hotspot\src\share\vm\classfile\systemDictionary.cpp, line 212]
Event: 0.270 Thread 0x0000000000296800 Exception <a 'java/lang/ClassNotFoundException': Tree> (0x00000000eb7645b8) thrown at [C:\jenkins\workspace\8-2-build-windows-amd64-cygwin\jdk8u291\1294\hotspot\src\share\vm\classfile\systemDictionary.cpp, line 212]
Event: 0.270 Thread 0x0000000000296800 Exception <a 'java/lang/ClassNotFoundException': javax/swing/JTreeCell> (0x00000000eb764938) thrown at [C:\jenkins\workspace\8-2-build-windows-amd64-cygwin\jdk8u291\1294\hotspot\src\share\vm\classfile\systemDictionary.cpp, line 212]
Event: 0.270 Thread 0x0000000000296800 Exception <a 'java/lang/ClassNotFoundException': TreeCell> (0x00000000eb764dc0) thrown at [C:\jenkins\workspace\8-2-build-windows-amd64-cygwin\jdk8u291\1294\hotspot\src\share\vm\classfile\systemDictionary.cpp, line 212]
Event: 0.271 Thread 0x0000000000296800 Exception <a 'java/lang/ClassNotFoundException': RootPane> (0x00000000eb765820) thrown at [C:\jenkins\workspace\8-2-build-windows-amd64-cygwin\jdk8u291\1294\hotspot\src\share\vm\classfile\systemDictionary.cpp, line 212]
Event: 4.191 Thread 0x00000000581b0800 Implicit null exception at 0x0000000002c0ec26 to 0x0000000002c0f499

Events (10 events):
Event: 4.195 Thread 0x00000000581b0800 DEOPT UNPACKING pc=0x00000000026c583b sp=0x000000005a46be20 mode 2
Event: 4.198 Thread 0x00000000581b0800 Uncommon trap: trap_request=0xffffffde fr.pc=0x00000000027f6510
Event: 4.198 Thread 0x00000000581b0800 DEOPT PACKING pc=0x00000000027f6510 sp=0x000000005a46bf20
Event: 4.198 Thread 0x00000000581b0800 DEOPT UNPACKING pc=0x00000000026c583b sp=0x000000005a46bea0 mode 2
Event: 4.199 Thread 0x00000000581b0800 Uncommon trap: trap_request=0xffffffde fr.pc=0x00000000027f6510
Event: 4.199 Thread 0x00000000581b0800 DEOPT PACKING pc=0x00000000027f6510 sp=0x000000005a46bea0
Event: 4.199 Thread 0x00000000581b0800 DEOPT UNPACKING pc=0x00000000026c583b sp=0x000000005a46be20 mode 2
Event: 4.205 Thread 0x00000000581b0800 Uncommon trap: trap_request=0xffffff65 fr.pc=0x00000000029d83c8
Event: 4.205 Thread 0x00000000581b0800 DEOPT PACKING pc=0x00000000029d83c8 sp=0x000000005a46c210
Event: 4.205 Thread 0x00000000581b0800 DEOPT UNPACKING pc=0x00000000026c583b sp=0x000000005a46bfc0 mode 2


Dynamic libraries:
0x000000013fe80000 - 0x000000013fec7000 	C:\Program Files\Java\jre1.8.0_291\bin\javaw.exe
0x0000000077890000 - 0x0000000077a2f000 	C:\Windows\SYSTEM32\ntdll.dll
0x0000000077770000 - 0x000000007788f000 	C:\Windows\system32\kernel32.dll
0x000007fefd720000 - 0x000007fefd787000 	C:\Windows\system32\KERNELBASE.dll
0x000007fefdf80000 - 0x000007fefe05b000 	C:\Windows\system32\ADVAPI32.dll
0x000007fefe060000 - 0x000007fefe0ff000 	C:\Windows\system32\msvcrt.dll
0x000007feff620000 - 0x000007feff63f000 	C:\Windows\SYSTEM32\sechost.dll
0x000007feff970000 - 0x000007feffa9c000 	C:\Windows\system32\RPCRT4.dll
0x0000000077670000 - 0x000000007776b000 	C:\Windows\system32\USER32.dll
0x000007fefe2d0000 - 0x000007fefe337000 	C:\Windows\system32\GDI32.dll
0x000007fefe220000 - 0x000007fefe22e000 	C:\Windows\system32\LPK.dll
0x000007fefdeb0000 - 0x000007fefdf7b000 	C:\Windows\system32\USP10.dll
0x000007fefba40000 - 0x000007fefbc35000 	C:\Windows\WinSxS\amd64_microsoft.windows.common-controls_6595b64144ccf1df_6.0.7601.24483_none_e372d88f30fbb845\COMCTL32.dll
0x000007fefe1a0000 - 0x000007fefe211000 	C:\Windows\system32\SHLWAPI.dll
0x000007fefe170000 - 0x000007fefe19e000 	C:\Windows\system32\IMM32.DLL
0x000007feff660000 - 0x000007feff76b000 	C:\Windows\system32\MSCTF.dll
0x000007fef8170000 - 0x000007fef8173000 	C:\Windows\system32\api-ms-win-core-synch-l1-2-0.DLL
0x000007fef9240000 - 0x000007fef9255000 	C:\Program Files\Java\jre1.8.0_291\bin\vcruntime140.dll
0x000007fefba20000 - 0x000007fefba24000 	C:\Program Files\Java\jre1.8.0_291\bin\api-ms-win-crt-runtime-l1-1-0.dll
0x000007fef1460000 - 0x000007fef155a000 	C:\Program Files\Java\jre1.8.0_291\bin\ucrtbase.DLL
0x000007fefaad0000 - 0x000007fefaad3000 	C:\Program Files\Java\jre1.8.0_291\bin\api-ms-win-core-localization-l1-2-0.dll
0x000007fef9270000 - 0x000007fef9273000 	C:\Program Files\Java\jre1.8.0_291\bin\api-ms-win-core-processthreads-l1-1-1.dll
0x000007fef9260000 - 0x000007fef9263000 	C:\Program Files\Java\jre1.8.0_291\bin\api-ms-win-core-file-l1-2-0.dll
0x000007fef9210000 - 0x000007fef9213000 	C:\Program Files\Java\jre1.8.0_291\bin\api-ms-win-core-timezone-l1-1-0.dll
0x000007fef9230000 - 0x000007fef9233000 	C:\Program Files\Java\jre1.8.0_291\bin\api-ms-win-core-file-l2-1-0.dll
0x000007fef62f0000 - 0x000007fef62f3000 	C:\Program Files\Java\jre1.8.0_291\bin\api-ms-win-crt-heap-l1-1-0.dll
0x000007fef6830000 - 0x000007fef6834000 	C:\Program Files\Java\jre1.8.0_291\bin\api-ms-win-crt-string-l1-1-0.dll
0x000007fef4340000 - 0x000007fef4344000 	C:\Program Files\Java\jre1.8.0_291\bin\api-ms-win-crt-stdio-l1-1-0.dll
0x000007fef43a0000 - 0x000007fef43a4000 	C:\Program Files\Java\jre1.8.0_291\bin\api-ms-win-crt-convert-l1-1-0.dll
0x000007fef27c0000 - 0x000007fef285b000 	C:\Program Files\Java\jre1.8.0_291\bin\msvcp140.dll
0x000007fef3a50000 - 0x000007fef3a53000 	C:\Program Files\Java\jre1.8.0_291\bin\api-ms-win-crt-locale-l1-1-0.dll
0x000007fef4330000 - 0x000007fef4335000 	C:\Program Files\Java\jre1.8.0_291\bin\api-ms-win-crt-math-l1-1-0.dll
0x000007fef35c0000 - 0x000007fef35c3000 	C:\Program Files\Java\jre1.8.0_291\bin\api-ms-win-crt-filesystem-l1-1-0.dll
0x000007fef3a40000 - 0x000007fef3a43000 	C:\Program Files\Java\jre1.8.0_291\bin\api-ms-win-crt-time-l1-1-0.dll
0x000007fef3590000 - 0x000007fef3593000 	C:\Program Files\Java\jre1.8.0_291\bin\api-ms-win-crt-environment-l1-1-0.dll
0x000007fef35a0000 - 0x000007fef35a3000 	C:\Program Files\Java\jre1.8.0_291\bin\api-ms-win-crt-utility-l1-1-0.dll
0x00000000740c0000 - 0x0000000074920000 	C:\Program Files\Java\jre1.8.0_291\bin\server\jvm.dll
0x000007fef9280000 - 0x000007fef9289000 	C:\Windows\system32\WSOCK32.dll
0x000007fefde60000 - 0x000007fefdead000 	C:\Windows\system32\WS2_32.dll
0x000007fefe160000 - 0x000007fefe168000 	C:\Windows\system32\NSI.dll
0x000007fefb9b0000 - 0x000007fefb9eb000 	C:\Windows\system32\WINMM.dll
0x000007fefc4c0000 - 0x000007fefc4cc000 	C:\Windows\system32\VERSION.dll
0x0000000077a40000 - 0x0000000077a47000 	C:\Windows\system32\PSAPI.DLL
0x000007fef3570000 - 0x000007fef3580000 	C:\Program Files\Java\jre1.8.0_291\bin\verify.dll
0x000007fef1e60000 - 0x000007fef1e8b000 	C:\Program Files\Java\jre1.8.0_291\bin\java.dll
0x000007fef3550000 - 0x000007fef3568000 	C:\Program Files\Java\jre1.8.0_291\bin\zip.dll
0x000007fefe890000 - 0x000007feff61b000 	C:\Windows\system32\SHELL32.dll
0x000007feff770000 - 0x000007feff96f000 	C:\Windows\system32\ole32.dll
0x000007fefd3f0000 - 0x000007fefd3ff000 	C:\Windows\system32\profapi.dll
0x000007fee64f0000 - 0x000007fee6685000 	C:\Program Files\Java\jre1.8.0_291\bin\awt.dll
0x000007feffaa0000 - 0x000007feffb7b000 	C:\Windows\system32\OLEAUT32.dll
0x000007fefb8b0000 - 0x000007fefb906000 	C:\Windows\system32\uxtheme.dll
0x000007fefaff0000 - 0x000007fefb008000 	C:\Windows\system32\dwmapi.dll
0x000007fefd280000 - 0x000007fefd28f000 	C:\Windows\system32\CRYPTBASE.dll
0x000007fef1e10000 - 0x000007fef1e59000 	C:\Program Files\Java\jre1.8.0_291\bin\fontmanager.dll
0x000007fee6f50000 - 0x000007fee706d000 	C:\Windows\system32\opengl32.dll
0x000007fee91b0000 - 0x000007fee91dd000 	C:\Windows\system32\GLU32.dll
0x000007fee6e50000 - 0x000007fee6f41000 	C:\Windows\system32\DDRAW.dll
0x000007fef1210000 - 0x000007fef1218000 	C:\Windows\system32\DCIMAN32.dll
0x000007fefe6b0000 - 0x000007fefe887000 	C:\Windows\system32\SETUPAPI.dll
0x000007fefd5e0000 - 0x000007fefd616000 	C:\Windows\system32\CFGMGR32.dll
0x000007fefd570000 - 0x000007fefd58a000 	C:\Windows\system32\DEVOBJ.dll
0x000007fefcb80000 - 0x000007fefcb98000 	C:\Windows\system32\CRYPTSP.dll
0x000007fefc880000 - 0x000007fefc8c7000 	C:\Windows\system32\rsaenh.dll
0x000007fefd5c0000 - 0x000007fefd5df000 	C:\Windows\system32\USERENV.dll
0x000007fef27a0000 - 0x000007fef27bc000 	C:\Program Files\Java\jre1.8.0_291\bin\net.dll
0x000007fefcb20000 - 0x000007fefcb75000 	C:\Windows\system32\mswsock.dll
0x000007fefcb10000 - 0x000007fefcb17000 	C:\Windows\System32\wship6.dll
0x000007fefb020000 - 0x000007fefb047000 	C:\Windows\system32\IPHLPAPI.DLL
0x000007fefb010000 - 0x000007fefb01b000 	C:\Windows\system32\WINNSI.DLL
0x000007fefade0000 - 0x000007fefadf1000 	C:\Windows\system32\dhcpcsvc6.DLL
0x000007fefadc0000 - 0x000007fefadd8000 	C:\Windows\system32\dhcpcsvc.DLL
0x000007fef1df0000 - 0x000007fef1e03000 	C:\Program Files\Java\jre1.8.0_291\bin\nio.dll
0x000007fef1db0000 - 0x000007fef1de2000 	C:\Program Files\Java\jre1.8.0_291\bin\jpeg.dll
0x000007fefe230000 - 0x000007fefe2c9000 	C:\Windows\system32\CLBCatQ.DLL
0x000007fefac20000 - 0x000007fefad81000 	C:\Windows\system32\WindowsCodecs.dll
0x000007fefd220000 - 0x000007fefd277000 	C:\Windows\system32\apphelp.dll
0x000007feebc80000 - 0x000007feebebb000 	C:\PROGRA~1\MICROS~1\Office15\GROOVEEX.DLL
0x0000000072ca0000 - 0x0000000072d72000 	C:\Windows\system32\MSVCR100.dll
0x0000000072c00000 - 0x0000000072c98000 	C:\Windows\system32\MSVCP100.dll
0x0000000073260000 - 0x000000007328b000 	C:\Windows\system32\ATL100.DLL
0x000007feeb960000 - 0x000007feebc7e000 	C:\Windows\system32\msi.dll
0x000007feeae40000 - 0x000007feeb481000 	C:\PROGRA~1\MICROS~1\Office15\1046\GrooveIntlResource.dll
0x000007fef11c0000 - 0x000007fef11f5000 	C:\Windows\system32\EhStorShell.dll
0x000007fefc0c0000 - 0x000007fefc1ec000 	C:\Windows\system32\PROPSYS.dll
0x000007fef1140000 - 0x000007fef11be000 	C:\Windows\System32\cscui.dll
0x000007fef1130000 - 0x000007fef113c000 	C:\Windows\System32\CSCDLL.dll
0x000007fef8140000 - 0x000007fef814f000 	C:\Windows\system32\CSCAPI.dll
0x000007feeadc0000 - 0x000007feeae40000 	C:\Windows\system32\ntshrui.dll
0x000007fefce90000 - 0x000007fefceb3000 	C:\Windows\system32\srvcli.dll
0x000007fefb250000 - 0x000007fefb25b000 	C:\Windows\system32\slc.dll
0x000007fef1410000 - 0x000007fef1453000 	C:\Program Files\Java\jre1.8.0_291\bin\t2k.dll
0x000007fef13e0000 - 0x000007fef140a000 	C:\Program Files\Java\jre1.8.0_291\bin\dcpr.dll
0x000007feeac90000 - 0x000007feeadb5000 	C:\Windows\system32\dbghelp.dll

VM Arguments:
jvm_args: -Dfile.encoding=UTF-8 
java_command: br.com.ihm.coding_in_game.app.App
java_class_path (initial): D:\PASTAS\PROJETOS_JAVA\CODERS\CODING_GAME_IHM\CODING_IN_GAME_IHM\bin;D:\PASTAS\PROJETOS_JAVA\CODERS\CODING_GAME_IHM\CODING_IN_GAME_IHM\src\br\com\ihm\coding_in_game\lib\dom4j-1.6.1.jar;D:\PASTAS\PROJETOS_JAVA\CODERS\CODING_GAME_IHM\CODING_IN_GAME_IHM\src\br\com\ihm\coding_in_game\lib\xstream-1.4.10.jar
Launcher Type: SUN_STANDARD

Environment Variables:
PATH=C:/Users/Felipe/.p2/pool/plugins/org.eclipse.justj.openjdk.hotspot.jre.full.win32.x86_64_15.0.2.v20210201-0955/jre/bin/server;C:/Users/Felipe/.p2/pool/plugins/org.eclipse.justj.openjdk.hotspot.jre.full.win32.x86_64_15.0.2.v20210201-0955/jre/bin;C:\Program Files (x86)\Common Files\Oracle\Java\javapath;C:\ProgramData\Oracle\Java\javapath;C:\Windows\system32;C:\Windows;C:\Windows\System32\Wbem;C:\Windows\System32\WindowsPowerShell\v1.0\;C:\Program Files\Git\cmd;C:\Users\Felipe\AppData\Local\Programs\Microsoft VS Code\bin;;C:\Windows\System32\WindowsPowerShell\v1.0\;C:\Program Files\PuTTY\;C:\Windows\System32\WindowsPowerShell\v1.0\;C:\Program Files\nodejs\;C:\Program Files\Graphviz 2.44.1\bin;C:\Program Files (x86)\OpenSSH\bin;C:\Users\Felipe\AppData\Local\Programs\Python\Python38\Scripts\;C:\Users\Felipe\AppData\Local\Programs\Python\Python38\;C:\Users\Felipe\AppData\Local\Programs\Python\Python38-32\Scripts\;C:\Users\Felipe\AppData\Local\Programs\Python\Python38-32\;C:\Users\Felipe\AppData\Local\Programs\Microsoft VS Code\bin;C:\src\flutter\bin;C:\Users\Felipe\AppData\Roaming\npm;C:\Program Files\heroku\bin;C:\Program Files\JetBrains\PyCharm Community Edition 2020.3\bin;;C:\Windows\system32;
USERNAME=Felipe
OS=Windows_NT
PROCESSOR_IDENTIFIER=Intel64 Family 6 Model 78 Stepping 3, GenuineIntel



---------------  S Y S T E M  ---------------

OS: Windows 7 , 64 bit Build 7601 (6.1.7601.24545)

CPU:total 4 (initial active 4) (2 cores per cpu, 2 threads per core) family 6 model 78 stepping 3, cmov, cx8, fxsr, mmx, sse, sse2, sse3, ssse3, sse4.1, sse4.2, popcnt, avx, avx2, aes, clmul, erms, rtm, 3dnowpref, lzcnt, ht, tsc, tscinvbit, bmi1, bmi2, adx

Memory: 4k page, physical 4072452k(1074412k free), swap 8143004k(4261772k free)

vm_info: Java HotSpot(TM) 64-Bit Server VM (25.291-b10) for windows-amd64 JRE (1.8.0_291-b10), built on Apr  9 2021 00:02:00 by "java_re" with MS VC++ 15.9 (VS2017)

time: Tue Jun 29 14:23:44 2021
timezone: Hora oficial do Brasil
elapsed time: 4.401097 seconds (0d 0h 0m 4s)

